# JRE version: Java(TM) SE Runtime Environment (8.0_131-b11) (build 1.8.0_131-b11)
# Java VM: Java HotSpot(TM) 64-Bit Server VM (25.131-b11 mixed mode bsd-amd64 compressed oops)
Heap:
 PSYoungGen      total 638976K, used 63102K [0x0000000795580000, 0x00000007c0000000, 0x00000007c0000000)
  eden space 615424K, 7% used [0x0000000795580000,0x00000007983df8b8,0x00000007bae80000)
  from space 23552K, 66% used [0x00000007bae80000,0x00000007bbdc0050,0x00000007bc580000)
  to   space 24064K, 0% used [0x00000007be880000,0x00000007be880000,0x00000007c0000000)
 ParOldGen       total 67584K, used 40643K [0x0000000740000000, 0x0000000744200000, 0x0000000795580000)
  object space 67584K, 60% used [0x0000000740000000,0x00000007427b0c18,0x0000000744200000)
 Metaspace       used 23373K, capacity 24062K, committed 24320K, reserved 1071104K
  class space    used 2844K, capacity 3020K, committed 3072K, reserved 1048576K
GC Heap History (10 events):
Event: 11.317 GC heap before
{Heap before GC invocations=12 (full 1):
 PSYoungGen      total 352256K, used 338829K [0x0000000795580000, 0x00000007aca00000, 0x00000007c0000000)
  eden space 336384K, 99% used [0x0000000795580000,0x00000007a9cb74b8,0x00000007a9e00000)
  from space 15872K, 23% used [0x00000007aba80000,0x00000007abe2c010,0x00000007aca00000)
  to   space 22528K, 0% used [0x00000007a9e00000,0x00000007a9e00000,0x00000007ab400000)
 ParOldGen       total 67584K, used 14170K [0x0000000740000000, 0x0000000744200000, 0x0000000795580000)
  object space 67584K, 20% used [0x0000000740000000,0x0000000740dd6b98,0x0000000744200000)
 Metaspace       used 22809K, capacity 23440K, committed 23808K, reserved 1071104K
  class space    used 2841K, capacity 3015K, committed 3072K, reserved 1048576K
Event: 11.331 GC heap after
Heap after GC invocations=12 (full 1):
 PSYoungGen      total 358912K, used 11860K [0x0000000795580000, 0x00000007b4e00000, 0x00000007c0000000)
  eden space 336384K, 0% used [0x0000000795580000,0x0000000795580000,0x00000007a9e00000)
  from space 22528K, 52% used [0x00000007a9e00000,0x00000007aa995040,0x00000007ab400000)
  to   space 22016K, 0% used [0x00000007b3880000,0x00000007b3880000,0x00000007b4e00000)
 ParOldGen       total 67584K, used 17794K [0x0000000740000000, 0x0000000744200000, 0x0000000795580000)
  object space 67584K, 26% used [0x0000000740000000,0x0000000741160ba8,0x0000000744200000)
 Metaspace       used 22809K, capacity 23440K, committed 23808K, reserved 1071104K
  class space    used 2841K, capacity 3015K, committed 3072K, reserved 1048576K
}
Event: 12.836 GC heap before
{Heap before GC invocations=13 (full 1):
 PSYoungGen      total 358912K, used 348106K [0x0000000795580000, 0x00000007b4e00000, 0x00000007c0000000)
  eden space 336384K, 99% used [0x0000000795580000,0x00000007a9ddda90,0x00000007a9e00000)
  from space 22528K, 52% used [0x00000007a9e00000,0x00000007aa995040,0x00000007ab400000)
  to   space 22016K, 0% used [0x00000007b3880000,0x00000007b3880000,0x00000007b4e00000)
 ParOldGen       total 67584K, used 17794K [0x0000000740000000, 0x0000000744200000, 0x0000000795580000)
  object space 67584K, 26% used [0x0000000740000000,0x0000000741160ba8,0x0000000744200000)
 Metaspace       used 22939K, capacity 23584K, committed 23808K, reserved 1071104K
  class space    used 2841K, capacity 3015K, committed 3072K, reserved 1048576K
Event: 12.842 GC heap after
Heap after GC invocations=13 (full 1):
 PSYoungGen      total 473088K, used 7484K [0x0000000795580000, 0x00000007b4280000, 0x00000007c0000000)
  eden space 462848K, 0% used [0x0000000795580000,0x0000000795580000,0x00000007b1980000)
  from space 10240K, 73% used [0x00000007b3880000,0x00000007b3fcf030,0x00000007b4280000)
  to   space 20992K, 0% used [0x00000007b1980000,0x00000007b1980000,0x00000007b2e00000)
 ParOldGen       total 67584K, used 21418K [0x0000000740000000, 0x0000000744200000, 0x0000000795580000)
  object space 67584K, 31% used [0x0000000740000000,0x00000007414eabb8,0x0000000744200000)
 Metaspace       used 22939K, capacity 23584K, committed 23808K, reserved 1071104K
  class space    used 2841K, capacity 3015K, committed 3072K, reserved 1048576K
}
Event: 20.502 GC heap before
{Heap before GC invocations=14 (full 1):
 PSYoungGen      total 473088K, used 468421K [0x0000000795580000, 0x00000007b4280000, 0x00000007c0000000)
  eden space 462848K, 99% used [0x0000000795580000,0x00000007b17a2588,0x00000007b1980000)
  from space 10240K, 73% used [0x00000007b3880000,0x00000007b3fcf030,0x00000007b4280000)
  to   space 20992K, 0% used [0x00000007b1980000,0x00000007b1980000,0x00000007b2e00000)
 ParOldGen       total 67584K, used 21418K [0x0000000740000000, 0x0000000744200000, 0x0000000795580000)
  object space 67584K, 31% used [0x0000000740000000,0x00000007414eabb8,0x0000000744200000)
 Metaspace       used 23220K, capacity 23870K, committed 24064K, reserved 1071104K
  class space    used 2844K, capacity 3020K, committed 3072K, reserved 1048576K
Event: 20.519 GC heap after
Heap after GC invocations=14 (full 1):
 PSYoungGen      total 483840K, used 19280K [0x0000000795580000, 0x00000007be280000, 0x00000007c0000000)
  eden space 462848K, 0% used [0x0000000795580000,0x0000000795580000,0x00000007b1980000)
  from space 20992K, 91% used [0x00000007b1980000,0x00000007b2c54060,0x00000007b2e00000)
  to   space 23552K, 0% used [0x00000007bcb80000,0x00000007bcb80000,0x00000007be280000)
 ParOldGen       total 67584K, used 25058K [0x0000000740000000, 0x0000000744200000, 0x0000000795580000)
  object space 67584K, 37% used [0x0000000740000000,0x0000000741878bc8,0x0000000744200000)
 Metaspace       used 23220K, capacity 23870K, committed 24064K, reserved 1071104K
  class space    used 2844K, capacity 3020K, committed 3072K, reserved 1048576K
}
Event: 22.824 GC heap before
{Heap before GC invocations=15 (full 1):
 PSYoungGen      total 483840K, used 480927K [0x0000000795580000, 0x00000007be280000, 0x00000007c0000000)
  eden space 462848K, 99% used [0x0000000795580000,0x00000007b1853f80,0x00000007b1980000)
  from space 20992K, 91% used [0x00000007b1980000,0x00000007b2c54060,0x00000007b2e00000)
  to   space 23552K, 0% used [0x00000007bcb80000,0x00000007bcb80000,0x00000007be280000)
 ParOldGen       total 67584K, used 25058K [0x0000000740000000, 0x0000000744200000, 0x0000000795580000)
  object space 67584K, 37% used [0x0000000740000000,0x0000000741878bc8,0x0000000744200000)
 Metaspace       used 23289K, capacity 23998K, committed 24320K, reserved 1071104K
  class space    used 2844K, capacity 3020K, committed 3072K, reserved 1048576K
Event: 22.839 GC heap after
Heap after GC invocations=15 (full 1):
 PSYoungGen      total 632832K, used 14560K [0x0000000795580000, 0x00000007bdc80000, 0x00000007c0000000)
  eden space 615424K, 0% used [0x0000000795580000,0x0000000795580000,0x00000007bae80000)
  from space 17408K, 83% used [0x00000007bcb80000,0x00000007bd9b8040,0x00000007bdc80000)
  to   space 23552K, 0% used [0x00000007bae80000,0x00000007bae80000,0x00000007bc580000)
 ParOldGen       total 67584K, used 37019K [0x0000000740000000, 0x0000000744200000, 0x0000000795580000)
  object space 67584K, 54% used [0x0000000740000000,0x0000000742426c08,0x0000000744200000)
 Metaspace       used 23289K, capacity 23998K, committed 24320K, reserved 1071104K
  class space    used 2844K, capacity 3020K, committed 3072K, reserved 1048576K
}
Event: 26.140 GC heap before
{Heap before GC invocations=16 (full 1):
 PSYoungGen      total 632832K, used 627280K [0x0000000795580000, 0x00000007bdc80000, 0x00000007c0000000)
  eden space 615424K, 99% used [0x0000000795580000,0x00000007babdc168,0x00000007bae80000)
  from space 17408K, 83% used [0x00000007bcb80000,0x00000007bd9b8040,0x00000007bdc80000)
  to   space 23552K, 0% used [0x00000007bae80000,0x00000007bae80000,0x00000007bc580000)
 ParOldGen       total 67584K, used 37019K [0x0000000740000000, 0x0000000744200000, 0x0000000795580000)
  object space 67584K, 54% used [0x0000000740000000,0x0000000742426c08,0x0000000744200000)
 Metaspace       used 23358K, capacity 24062K, committed 24320K, reserved 1071104K
  class space    used 2844K, capacity 3020K, committed 3072K, reserved 1048576K
Event: 26.150 GC heap after
Heap after GC invocations=16 (full 1):
 PSYoungGen      total 638976K, used 15616K [0x0000000795580000, 0x00000007c0000000, 0x00000007c0000000)
  eden space 615424K, 0% used [0x0000000795580000,0x0000000795580000,0x00000007bae80000)
  from space 23552K, 66% used [0x00000007bae80000,0x00000007bbdc0050,0x00000007bc580000)
  to   space 24064K, 0% used [0x00000007be880000,0x00000007be880000,0x00000007c0000000)
 ParOldGen       total 67584K, used 40643K [0x0000000740000000, 0x0000000744200000, 0x0000000795580000)
  object space 67584K, 60% used [0x0000000740000000,0x00000007427b0c18,0x0000000744200000)
 Metaspace       used 23358K, capacity 24062K, committed 24320K, reserved 1071104K
  class space    used 2844K, capacity 3020K, committed 3072K, reserved 1048576K
}

