# JRE version: Java(TM) SE Runtime Environment (8.0_131-b11) (build 1.8.0_131-b11)
# Java VM: Java HotSpot(TM) 64-Bit Server VM (25.131-b11 mixed mode bsd-amd64 compressed oops)
Heap:
 PSYoungGen      total 496640K, used 264893K [0x0000000795580000, 0x00000007bfc80000, 0x00000007c0000000)
  eden space 472576K, 52% used [0x0000000795580000,0x00000007a49ef6e0,0x00000007b2300000)
  from space 24064K, 60% used [0x00000007b2300000,0x00000007b3140040,0x00000007b3a80000)
  to   space 24576K, 0% used [0x00000007be480000,0x00000007be480000,0x00000007bfc80000)
 ParOldGen       total 73216K, used 25127K [0x0000000740000000, 0x0000000744780000, 0x0000000795580000)
  object space 73216K, 34% used [0x0000000740000000,0x0000000741889cc0,0x0000000744780000)
 Metaspace       used 23058K, capacity 23744K, committed 24064K, reserved 1071104K
  class space    used 2842K, capacity 3019K, committed 3072K, reserved 1048576K
GC Heap History (10 events):
Event: 10.417 GC heap before
{Heap before GC invocations=10 (full 1):
 PSYoungGen      total 254464K, used 233375K [0x0000000795580000, 0x00000007a6a00000, 0x00000007c0000000)
  eden space 231936K, 98% used [0x0000000795580000,0x00000007a357bcf8,0x00000007a3800000)
  from space 22528K, 17% used [0x00000007a5400000,0x00000007a57ec010,0x00000007a6a00000)
  to   space 25600K, 0% used [0x00000007a3800000,0x00000007a3800000,0x00000007a5100000)
 ParOldGen       total 73216K, used 13943K [0x0000000740000000, 0x0000000744780000, 0x0000000795580000)
  object space 73216K, 19% used [0x0000000740000000,0x0000000740d9dc90,0x0000000744780000)
 Metaspace       used 22669K, capacity 23288K, committed 23552K, reserved 1069056K
  class space    used 2838K, capacity 3015K, committed 3072K, reserved 1048576K
Event: 10.424 GC heap after
Heap after GC invocations=10 (full 1):
 PSYoungGen      total 257536K, used 3856K [0x0000000795580000, 0x00000007ad800000, 0x00000007c0000000)
  eden space 231936K, 0% used [0x0000000795580000,0x0000000795580000,0x00000007a3800000)
  from space 25600K, 15% used [0x00000007a3800000,0x00000007a3bc4010,0x00000007a5100000)
  to   space 26112K, 0% used [0x00000007abe80000,0x00000007abe80000,0x00000007ad800000)
 ParOldGen       total 73216K, used 14143K [0x0000000740000000, 0x0000000744780000, 0x0000000795580000)
  object space 73216K, 19% used [0x0000000740000000,0x0000000740dcfc90,0x0000000744780000)
 Metaspace       used 22669K, capacity 23288K, committed 23552K, reserved 1069056K
  class space    used 2838K, capacity 3015K, committed 3072K, reserved 1048576K
}
Event: 12.152 GC heap before
{Heap before GC invocations=11 (full 1):
 PSYoungGen      total 257536K, used 234484K [0x0000000795580000, 0x00000007ad800000, 0x00000007c0000000)
  eden space 231936K, 99% used [0x0000000795580000,0x00000007a36b92a0,0x00000007a3800000)
  from space 25600K, 15% used [0x00000007a3800000,0x00000007a3bc4010,0x00000007a5100000)
  to   space 26112K, 0% used [0x00000007abe80000,0x00000007abe80000,0x00000007ad800000)
 ParOldGen       total 73216K, used 14143K [0x0000000740000000, 0x0000000744780000, 0x0000000795580000)
  object space 73216K, 19% used [0x0000000740000000,0x0000000740dcfc90,0x0000000744780000)
 Metaspace       used 22748K, capacity 23428K, committed 23808K, reserved 1071104K
  class space    used 2838K, capacity 3015K, committed 3072K, reserved 1048576K
Event: 12.155 GC heap after
Heap after GC invocations=11 (full 1):
 PSYoungGen      total 357376K, used 3760K [0x0000000795580000, 0x00000007ad200000, 0x00000007c0000000)
  eden space 337408K, 0% used [0x0000000795580000,0x0000000795580000,0x00000007a9f00000)
  from space 19968K, 18% used [0x00000007abe80000,0x00000007ac22c010,0x00000007ad200000)
  to   space 26112K, 0% used [0x00000007a9f00000,0x00000007a9f00000,0x00000007ab880000)
 ParOldGen       total 73216K, used 14247K [0x0000000740000000, 0x0000000744780000, 0x0000000795580000)
  object space 73216K, 19% used [0x0000000740000000,0x0000000740de9c90,0x0000000744780000)
 Metaspace       used 22748K, capacity 23428K, committed 23808K, reserved 1071104K
  class space    used 2838K, capacity 3015K, committed 3072K, reserved 1048576K
}
Event: 14.815 GC heap before
{Heap before GC invocations=12 (full 1):
 PSYoungGen      total 357376K, used 339634K [0x0000000795580000, 0x00000007ad200000, 0x00000007c0000000)
  eden space 337408K, 99% used [0x0000000795580000,0x00000007a9d80b80,0x00000007a9f00000)
  from space 19968K, 18% used [0x00000007abe80000,0x00000007ac22c010,0x00000007ad200000)
  to   space 26112K, 0% used [0x00000007a9f00000,0x00000007a9f00000,0x00000007ab880000)
 ParOldGen       total 73216K, used 14247K [0x0000000740000000, 0x0000000744780000, 0x0000000795580000)
  object space 73216K, 19% used [0x0000000740000000,0x0000000740de9c90,0x0000000744780000)
 Metaspace       used 22805K, capacity 23444K, committed 23808K, reserved 1071104K
  class space    used 2838K, capacity 3015K, committed 3072K, reserved 1048576K
Event: 14.824 GC heap after
Heap after GC invocations=12 (full 1):
 PSYoungGen      total 363520K, used 6492K [0x0000000795580000, 0x00000007b5d80000, 0x00000007c0000000)
  eden space 337408K, 0% used [0x0000000795580000,0x0000000795580000,0x00000007a9f00000)
  from space 26112K, 24% used [0x00000007a9f00000,0x00000007aa557020,0x00000007ab880000)
  to   space 25600K, 0% used [0x00000007b4480000,0x00000007b4480000,0x00000007b5d80000)
 ParOldGen       total 73216K, used 17863K [0x0000000740000000, 0x0000000744780000, 0x0000000795580000)
  object space 73216K, 24% used [0x0000000740000000,0x0000000741171ca0,0x0000000744780000)
 Metaspace       used 22805K, capacity 23444K, committed 23808K, reserved 1071104K
  class space    used 2838K, capacity 3015K, committed 3072K, reserved 1048576K
}
Event: 17.396 GC heap before
{Heap before GC invocations=13 (full 1):
 PSYoungGen      total 363520K, used 343900K [0x0000000795580000, 0x00000007b5d80000, 0x00000007c0000000)
  eden space 337408K, 100% used [0x0000000795580000,0x00000007a9f00000,0x00000007a9f00000)
  from space 26112K, 24% used [0x00000007a9f00000,0x00000007aa557020,0x00000007ab880000)
  to   space 25600K, 0% used [0x00000007b4480000,0x00000007b4480000,0x00000007b5d80000)
 ParOldGen       total 73216K, used 17863K [0x0000000740000000, 0x0000000744780000, 0x0000000795580000)
  object space 73216K, 24% used [0x0000000740000000,0x0000000741171ca0,0x0000000744780000)
 Metaspace       used 22843K, capacity 23512K, committed 23808K, reserved 1071104K
  class space    used 2838K, capacity 3015K, committed 3072K, reserved 1048576K
Event: 17.407 GC heap after
Heap after GC invocations=13 (full 1):
 PSYoungGen      total 486400K, used 9192K [0x0000000795580000, 0x00000007b5200000, 0x00000007c0000000)
  eden space 472576K, 0% used [0x0000000795580000,0x0000000795580000,0x00000007b2300000)
  from space 13824K, 66% used [0x00000007b4480000,0x00000007b4d7a030,0x00000007b5200000)
  to   space 24064K, 0% used [0x00000007b2300000,0x00000007b2300000,0x00000007b3a80000)
 ParOldGen       total 73216K, used 21495K [0x0000000740000000, 0x0000000744780000, 0x0000000795580000)
  object space 73216K, 29% used [0x0000000740000000,0x00000007414fdcb0,0x0000000744780000)
 Metaspace       used 22843K, capacity 23512K, committed 23808K, reserved 1071104K
  class space    used 2838K, capacity 3015K, committed 3072K, reserved 1048576K
}
Event: 20.989 GC heap before
{Heap before GC invocations=14 (full 1):
 PSYoungGen      total 486400K, used 481768K [0x0000000795580000, 0x00000007b5200000, 0x00000007c0000000)
  eden space 472576K, 100% used [0x0000000795580000,0x00000007b2300000,0x00000007b2300000)
  from space 13824K, 66% used [0x00000007b4480000,0x00000007b4d7a030,0x00000007b5200000)
  to   space 24064K, 0% used [0x00000007b2300000,0x00000007b2300000,0x00000007b3a80000)
 ParOldGen       total 73216K, used 21495K [0x0000000740000000, 0x0000000744780000, 0x0000000795580000)
  object space 73216K, 29% used [0x0000000740000000,0x00000007414fdcb0,0x0000000744780000)
 Metaspace       used 22991K, capacity 23720K, committed 24064K, reserved 1071104K
  class space    used 2838K, capacity 3015K, committed 3072K, reserved 1048576K
Event: 20.997 GC heap after
Heap after GC invocations=14 (full 1):
 PSYoungGen      total 496640K, used 14592K [0x0000000795580000, 0x00000007bfc80000, 0x00000007c0000000)
  eden space 472576K, 0% used [0x0000000795580000,0x0000000795580000,0x00000007b2300000)
  from space 24064K, 60% used [0x00000007b2300000,0x00000007b3140040,0x00000007b3a80000)
  to   space 24576K, 0% used [0x00000007be480000,0x00000007be480000,0x00000007bfc80000)
 ParOldGen       total 73216K, used 25127K [0x0000000740000000, 0x0000000744780000, 0x0000000795580000)
  object space 73216K, 34% used [0x0000000740000000,0x0000000741889cc0,0x0000000744780000)
 Metaspace       used 22991K, capacity 23720K, committed 24064K, reserved 1071104K
  class space    used 2838K, capacity 3015K, committed 3072K, reserved 1048576K
}

